<?xml version="1.0" encoding="UTF-8" standalone="no"?>
<!DOCTYPE log SYSTEM "logger.dtd">
<log>
<record>
  <date>2024-11-25T05:48:24.210274500Z</date>
  <millis>1732513704210</millis>
  <nanos>274500</nanos>
  <sequence>0</sequence>
  <level>START</level>
  <class>com.kms.katalon.core.logging.XmlKeywordLogger</class>
  <method>startSuite</method>
  <thread>1</thread>
  <message>Start Test Suite : Test Suites/Пн-Ср-Пт/Блок руководителя под разными учётками</message>
  <nestedLevel>0</nestedLevel>
  <escapedJava>false</escapedJava>
  <property name="rerunTestFailImmediately">false</property>
  <property name="retryCount">0</property>
  <property name="name">Блок руководителя под разными учётками</property>
  <property name="description"></property>
  <property name="id">Test Suites/Пн-Ср-Пт/Блок руководителя под разными учётками</property>
</record>
<record>
  <date>2024-11-25T05:48:24.232216Z</date>
  <millis>1732513704232</millis>
  <nanos>216000</nanos>
  <sequence>1</sequence>
  <level>RUN_DATA</level>
  <class>com.kms.katalon.core.logging.XmlKeywordLogger</class>
  <method>logMessage</method>
  <thread>1</thread>
  <message>hostName = liazgina-di - UVV-WS904-D.ot.ru</message>
  <nestedLevel>0</nestedLevel>
  <escapedJava>false</escapedJava>
  <property name="hostName">liazgina-di - UVV-WS904-D.ot.ru</property>
</record>
<record>
  <date>2024-11-25T05:48:24.233214200Z</date>
  <millis>1732513704233</millis>
  <nanos>214200</nanos>
  <sequence>2</sequence>
  <level>RUN_DATA</level>
  <class>com.kms.katalon.core.logging.XmlKeywordLogger</class>
  <method>logMessage</method>
  <thread>1</thread>
  <message>os = Windows 10 64bit</message>
  <nestedLevel>0</nestedLevel>
  <escapedJava>false</escapedJava>
  <property name="os">Windows 10 64bit</property>
</record>
<record>
  <date>2024-11-25T05:48:24.234211800Z</date>
  <millis>1732513704234</millis>
  <nanos>211800</nanos>
  <sequence>3</sequence>
  <level>RUN_DATA</level>
  <class>com.kms.katalon.core.logging.XmlKeywordLogger</class>
  <method>logMessage</method>
  <thread>1</thread>
  <message>hostAddress = 192.168.0.19</message>
  <nestedLevel>0</nestedLevel>
  <escapedJava>false</escapedJava>
  <property name="hostAddress">192.168.0.19</property>
</record>
<record>
  <date>2024-11-25T05:48:24.235208500Z</date>
  <millis>1732513704235</millis>
  <nanos>208500</nanos>
  <sequence>4</sequence>
  <level>RUN_DATA</level>
  <class>com.kms.katalon.core.logging.XmlKeywordLogger</class>
  <method>logMessage</method>
  <thread>1</thread>
  <message>katalonVersion = 9.5.0.217</message>
  <nestedLevel>0</nestedLevel>
  <escapedJava>false</escapedJava>
  <property name="katalonVersion">9.5.0.217</property>
</record>
<record>
  <date>2024-11-25T05:48:24.404754400Z</date>
  <millis>1732513704404</millis>
  <nanos>754400</nanos>
  <sequence>5</sequence>
  <level>START</level>
  <class>com.kms.katalon.core.logging.XmlKeywordLogger</class>
  <method>startTest</method>
  <thread>1</thread>
  <message>Start Test Case : Test Cases/Сверки дашбордов/Блок руководителя сверка дашбордов под разными учётками</message>
  <nestedLevel>1</nestedLevel>
  <escapedJava>false</escapedJava>
  <property name="name">Test Cases/Сверки дашбордов/Блок руководителя сверка дашбордов под разными учётками</property>
  <property name="description"></property>
  <property name="iteration"></property>
  <property name="id">Test Cases/Сверки дашбордов/Блок руководителя сверка дашбордов под разными учётками</property>
  <property name="source">C:\Users\LIAZGINA-DI\git\SPORU\Test Cases\Сверки дашбордов\Блок руководителя сверка дашбордов под разными учётками.tc</property>
  <property name="tag"></property>
  <property name="isOptional">false</property>
</record>
<record>
  <date>2024-11-25T05:48:26.029248300Z</date>
  <millis>1732513706029</millis>
  <nanos>248300</nanos>
  <sequence>7</sequence>
  <level>START</level>
  <class>com.kms.katalon.core.logging.XmlKeywordLogger</class>
  <method>startKeyword</method>
  <thread>1</thread>
  <message>Start action : run = 1</message>
  <nestedLevel>1</nestedLevel>
  <escapedJava>false</escapedJava>
  <property name="startLine">21</property>
  <property name="stepIndex">1</property>
</record>
<record>
  <date>2024-11-25T05:48:26.036231Z</date>
  <millis>1732513706036</millis>
  <nanos>231000</nanos>
  <sequence>8</sequence>
  <level>END</level>
  <class>com.kms.katalon.core.logging.XmlKeywordLogger</class>
  <method>endKeyword</method>
  <thread>1</thread>
  <message>End action : run = 1</message>
  <nestedLevel>1</nestedLevel>
  <escapedJava>false</escapedJava>
</record>
<record>
  <date>2024-11-25T05:48:26.037228Z</date>
  <millis>1732513706037</millis>
  <nanos>228000</nanos>
  <sequence>9</sequence>
  <level>START</level>
  <class>com.kms.katalon.core.logging.XmlKeywordLogger</class>
  <method>startKeyword</method>
  <thread>1</thread>
  <message>Start action : data = findTestData(&amp;quot;PlanFact&amp;quot;)</message>
  <nestedLevel>1</nestedLevel>
  <escapedJava>false</escapedJava>
  <property name="startLine">23</property>
  <property name="stepIndex">2</property>
</record>
<record>
  <date>2024-11-25T05:48:26.755305800Z</date>
  <millis>1732513706755</millis>
  <nanos>305800</nanos>
  <sequence>14</sequence>
  <level>END</level>
  <class>com.kms.katalon.core.logging.XmlKeywordLogger</class>
  <method>endKeyword</method>
  <thread>1</thread>
  <message>End action : data = findTestData(&amp;quot;PlanFact&amp;quot;)</message>
  <nestedLevel>1</nestedLevel>
  <escapedJava>false</escapedJava>
</record>
<record>
  <date>2024-11-25T05:48:26.755305800Z</date>
  <millis>1732513706755</millis>
  <nanos>305800</nanos>
  <sequence>15</sequence>
  <level>START</level>
  <class>com.kms.katalon.core.logging.XmlKeywordLogger</class>
  <method>startKeyword</method>
  <thread>1</thread>
  <message>Start action : n = &amp;lt;not implemented yet for class: org.codehaus.groovy.ast.expr.EmptyExpression&amp;gt;</message>
  <nestedLevel>1</nestedLevel>
  <escapedJava>false</escapedJava>
  <property name="startLine">25</property>
  <property name="stepIndex">3</property>
</record>
<record>
  <date>2024-11-25T05:48:26.758298200Z</date>
  <millis>1732513706758</millis>
  <nanos>298200</nanos>
  <sequence>16</sequence>
  <level>END</level>
  <class>com.kms.katalon.core.logging.XmlKeywordLogger</class>
  <method>endKeyword</method>
  <thread>1</thread>
  <message>End action : n = &amp;lt;not implemented yet for class: org.codehaus.groovy.ast.expr.EmptyExpression&amp;gt;</message>
  <nestedLevel>1</nestedLevel>
  <escapedJava>false</escapedJava>
</record>
<record>
  <date>2024-11-25T05:48:26.759295200Z</date>
  <millis>1732513706759</millis>
  <nanos>295200</nanos>
  <sequence>17</sequence>
  <level>START</level>
  <class>com.kms.katalon.core.logging.XmlKeywordLogger</class>
  <method>startKeyword</method>
  <thread>1</thread>
  <message>Start action : urlData = &amp;lt;not implemented yet for class: org.codehaus.groovy.ast.expr.EmptyExpression&amp;gt;</message>
  <nestedLevel>1</nestedLevel>
  <escapedJava>false</escapedJava>
  <property name="startLine">27</property>
  <property name="stepIndex">4</property>
</record>
<record>
  <date>2024-11-25T05:48:26.761289Z</date>
  <millis>1732513706761</millis>
  <nanos>289000</nanos>
  <sequence>18</sequence>
  <level>END</level>
  <class>com.kms.katalon.core.logging.XmlKeywordLogger</class>
  <method>endKeyword</method>
  <thread>1</thread>
  <message>End action : urlData = &amp;lt;not implemented yet for class: org.codehaus.groovy.ast.expr.EmptyExpression&amp;gt;</message>
  <nestedLevel>1</nestedLevel>
  <escapedJava>false</escapedJava>
</record>
<record>
  <date>2024-11-25T05:48:26.762289Z</date>
  <millis>1732513706762</millis>
  <nanos>289000</nanos>
  <sequence>19</sequence>
  <level>START</level>
  <class>com.kms.katalon.core.logging.XmlKeywordLogger</class>
  <method>startKeyword</method>
  <thread>1</thread>
  <message>Start action : dashboardName = &amp;lt;not implemented yet for class: org.codehaus.groovy.ast.expr.EmptyExpression&amp;gt;</message>
  <nestedLevel>1</nestedLevel>
  <escapedJava>false</escapedJava>
  <property name="startLine">29</property>
  <property name="stepIndex">5</property>
</record>
<record>
  <date>2024-11-25T05:48:26.765279600Z</date>
  <millis>1732513706765</millis>
  <nanos>279600</nanos>
  <sequence>20</sequence>
  <level>END</level>
  <class>com.kms.katalon.core.logging.XmlKeywordLogger</class>
  <method>endKeyword</method>
  <thread>1</thread>
  <message>End action : dashboardName = &amp;lt;not implemented yet for class: org.codehaus.groovy.ast.expr.EmptyExpression&amp;gt;</message>
  <nestedLevel>1</nestedLevel>
  <escapedJava>false</escapedJava>
</record>
<record>
  <date>2024-11-25T05:48:26.766277Z</date>
  <millis>1732513706766</millis>
  <nanos>277000</nanos>
  <sequence>21</sequence>
  <level>START</level>
  <class>com.kms.katalon.core.logging.XmlKeywordLogger</class>
  <method>startKeyword</method>
  <thread>1</thread>
  <message>Start action : a1 = &amp;lt;not implemented yet for class: org.codehaus.groovy.ast.expr.EmptyExpression&amp;gt;</message>
  <nestedLevel>1</nestedLevel>
  <escapedJava>false</escapedJava>
  <property name="startLine">31</property>
  <property name="stepIndex">6</property>
</record>
<record>
  <date>2024-11-25T05:48:26.768271300Z</date>
  <millis>1732513706768</millis>
  <nanos>271300</nanos>
  <sequence>22</sequence>
  <level>END</level>
  <class>com.kms.katalon.core.logging.XmlKeywordLogger</class>
  <method>endKeyword</method>
  <thread>1</thread>
  <message>End action : a1 = &amp;lt;not implemented yet for class: org.codehaus.groovy.ast.expr.EmptyExpression&amp;gt;</message>
  <nestedLevel>1</nestedLevel>
  <escapedJava>false</escapedJava>
</record>
<record>
  <date>2024-11-25T05:48:26.769270100Z</date>
  <millis>1732513706769</millis>
  <nanos>270100</nanos>
  <sequence>23</sequence>
  <level>START</level>
  <class>com.kms.katalon.core.logging.XmlKeywordLogger</class>
  <method>startKeyword</method>
  <thread>1</thread>
  <message>Start action : a2 = &amp;lt;not implemented yet for class: org.codehaus.groovy.ast.expr.EmptyExpression&amp;gt;</message>
  <nestedLevel>1</nestedLevel>
  <escapedJava>false</escapedJava>
  <property name="startLine">33</property>
  <property name="stepIndex">7</property>
</record>
<record>
  <date>2024-11-25T05:48:26.771263800Z</date>
  <millis>1732513706771</millis>
  <nanos>263800</nanos>
  <sequence>24</sequence>
  <level>END</level>
  <class>com.kms.katalon.core.logging.XmlKeywordLogger</class>
  <method>endKeyword</method>
  <thread>1</thread>
  <message>End action : a2 = &amp;lt;not implemented yet for class: org.codehaus.groovy.ast.expr.EmptyExpression&amp;gt;</message>
  <nestedLevel>1</nestedLevel>
  <escapedJava>false</escapedJava>
</record>
<record>
  <date>2024-11-25T05:48:26.772261300Z</date>
  <millis>1732513706772</millis>
  <nanos>261300</nanos>
  <sequence>25</sequence>
  <level>START</level>
  <class>com.kms.katalon.core.logging.XmlKeywordLogger</class>
  <method>startKeyword</method>
  <thread>1</thread>
  <message>Start action : a3 = &amp;lt;not implemented yet for class: org.codehaus.groovy.ast.expr.EmptyExpression&amp;gt;</message>
  <nestedLevel>1</nestedLevel>
  <escapedJava>false</escapedJava>
  <property name="startLine">35</property>
  <property name="stepIndex">8</property>
</record>
<record>
  <date>2024-11-25T05:48:26.774257500Z</date>
  <millis>1732513706774</millis>
  <nanos>257500</nanos>
  <sequence>26</sequence>
  <level>END</level>
  <class>com.kms.katalon.core.logging.XmlKeywordLogger</class>
  <method>endKeyword</method>
  <thread>1</thread>
  <message>End action : a3 = &amp;lt;not implemented yet for class: org.codehaus.groovy.ast.expr.EmptyExpression&amp;gt;</message>
  <nestedLevel>1</nestedLevel>
  <escapedJava>false</escapedJava>
</record>
<record>
  <date>2024-11-25T05:48:26.775253100Z</date>
  <millis>1732513706775</millis>
  <nanos>253100</nanos>
  <sequence>27</sequence>
  <level>START</level>
  <class>com.kms.katalon.core.logging.XmlKeywordLogger</class>
  <method>startKeyword</method>
  <thread>1</thread>
  <message>Start action : a4 = &amp;lt;not implemented yet for class: org.codehaus.groovy.ast.expr.EmptyExpression&amp;gt;</message>
  <nestedLevel>1</nestedLevel>
  <escapedJava>false</escapedJava>
  <property name="startLine">37</property>
  <property name="stepIndex">9</property>
</record>
<record>
  <date>2024-11-25T05:48:26.778244700Z</date>
  <millis>1732513706778</millis>
  <nanos>244700</nanos>
  <sequence>28</sequence>
  <level>END</level>
  <class>com.kms.katalon.core.logging.XmlKeywordLogger</class>
  <method>endKeyword</method>
  <thread>1</thread>
  <message>End action : a4 = &amp;lt;not implemented yet for class: org.codehaus.groovy.ast.expr.EmptyExpression&amp;gt;</message>
  <nestedLevel>1</nestedLevel>
  <escapedJava>false</escapedJava>
</record>
<record>
  <date>2024-11-25T05:48:26.779242300Z</date>
  <millis>1732513706779</millis>
  <nanos>242300</nanos>
  <sequence>29</sequence>
  <level>START</level>
  <class>com.kms.katalon.core.logging.XmlKeywordLogger</class>
  <method>startKeyword</method>
  <thread>1</thread>
  <message>Start action : a5 = &amp;lt;not implemented yet for class: org.codehaus.groovy.ast.expr.EmptyExpression&amp;gt;</message>
  <nestedLevel>1</nestedLevel>
  <escapedJava>false</escapedJava>
  <property name="startLine">39</property>
  <property name="stepIndex">10</property>
</record>
<record>
  <date>2024-11-25T05:48:26.782234700Z</date>
  <millis>1732513706782</millis>
  <nanos>234700</nanos>
  <sequence>30</sequence>
  <level>END</level>
  <class>com.kms.katalon.core.logging.XmlKeywordLogger</class>
  <method>endKeyword</method>
  <thread>1</thread>
  <message>End action : a5 = &amp;lt;not implemented yet for class: org.codehaus.groovy.ast.expr.EmptyExpression&amp;gt;</message>
  <nestedLevel>1</nestedLevel>
  <escapedJava>false</escapedJava>
</record>
<record>
  <date>2024-11-25T05:48:26.784229900Z</date>
  <millis>1732513706784</millis>
  <nanos>229900</nanos>
  <sequence>31</sequence>
  <level>START</level>
  <class>com.kms.katalon.core.logging.XmlKeywordLogger</class>
  <method>startKeyword</method>
  <thread>1</thread>
  <message>Start action : a6 = &amp;lt;not implemented yet for class: org.codehaus.groovy.ast.expr.EmptyExpression&amp;gt;</message>
  <nestedLevel>1</nestedLevel>
  <escapedJava>false</escapedJava>
  <property name="startLine">41</property>
  <property name="stepIndex">11</property>
</record>
<record>
  <date>2024-11-25T05:48:26.788219200Z</date>
  <millis>1732513706788</millis>
  <nanos>219200</nanos>
  <sequence>32</sequence>
  <level>END</level>
  <class>com.kms.katalon.core.logging.XmlKeywordLogger</class>
  <method>endKeyword</method>
  <thread>1</thread>
  <message>End action : a6 = &amp;lt;not implemented yet for class: org.codehaus.groovy.ast.expr.EmptyExpression&amp;gt;</message>
  <nestedLevel>1</nestedLevel>
  <escapedJava>false</escapedJava>
</record>
<record>
  <date>2024-11-25T05:48:26.789216900Z</date>
  <millis>1732513706789</millis>
  <nanos>216900</nanos>
  <sequence>33</sequence>
  <level>START</level>
  <class>com.kms.katalon.core.logging.XmlKeywordLogger</class>
  <method>startKeyword</method>
  <thread>1</thread>
  <message>Start action : a7 = &amp;lt;not implemented yet for class: org.codehaus.groovy.ast.expr.EmptyExpression&amp;gt;</message>
  <nestedLevel>1</nestedLevel>
  <escapedJava>false</escapedJava>
  <property name="startLine">43</property>
  <property name="stepIndex">12</property>
</record>
<record>
  <date>2024-11-25T05:48:26.794205900Z</date>
  <millis>1732513706794</millis>
  <nanos>205900</nanos>
  <sequence>34</sequence>
  <level>END</level>
  <class>com.kms.katalon.core.logging.XmlKeywordLogger</class>
  <method>endKeyword</method>
  <thread>1</thread>
  <message>End action : a7 = &amp;lt;not implemented yet for class: org.codehaus.groovy.ast.expr.EmptyExpression&amp;gt;</message>
  <nestedLevel>1</nestedLevel>
  <escapedJava>false</escapedJava>
</record>
<record>
  <date>2024-11-25T05:48:26.795202Z</date>
  <millis>1732513706795</millis>
  <nanos>202000</nanos>
  <sequence>35</sequence>
  <level>START</level>
  <class>com.kms.katalon.core.logging.XmlKeywordLogger</class>
  <method>startKeyword</method>
  <thread>1</thread>
  <message>Start action : a8 = &amp;lt;not implemented yet for class: org.codehaus.groovy.ast.expr.EmptyExpression&amp;gt;</message>
  <nestedLevel>1</nestedLevel>
  <escapedJava>false</escapedJava>
  <property name="startLine">45</property>
  <property name="stepIndex">13</property>
</record>
<record>
  <date>2024-11-25T05:48:26.798192500Z</date>
  <millis>1732513706798</millis>
  <nanos>192500</nanos>
  <sequence>36</sequence>
  <level>END</level>
  <class>com.kms.katalon.core.logging.XmlKeywordLogger</class>
  <method>endKeyword</method>
  <thread>1</thread>
  <message>End action : a8 = &amp;lt;not implemented yet for class: org.codehaus.groovy.ast.expr.EmptyExpression&amp;gt;</message>
  <nestedLevel>1</nestedLevel>
  <escapedJava>false</escapedJava>
</record>
<record>
  <date>2024-11-25T05:48:26.800188700Z</date>
  <millis>1732513706800</millis>
  <nanos>188700</nanos>
  <sequence>37</sequence>
  <level>START</level>
  <class>com.kms.katalon.core.logging.XmlKeywordLogger</class>
  <method>startKeyword</method>
  <thread>1</thread>
  <message>Start action : a9 = &amp;lt;not implemented yet for class: org.codehaus.groovy.ast.expr.EmptyExpression&amp;gt;</message>
  <nestedLevel>1</nestedLevel>
  <escapedJava>false</escapedJava>
  <property name="startLine">47</property>
  <property name="stepIndex">14</property>
</record>
<record>
  <date>2024-11-25T05:48:26.805173600Z</date>
  <millis>1732513706805</millis>
  <nanos>173600</nanos>
  <sequence>38</sequence>
  <level>END</level>
  <class>com.kms.katalon.core.logging.XmlKeywordLogger</class>
  <method>endKeyword</method>
  <thread>1</thread>
  <message>End action : a9 = &amp;lt;not implemented yet for class: org.codehaus.groovy.ast.expr.EmptyExpression&amp;gt;</message>
  <nestedLevel>1</nestedLevel>
  <escapedJava>false</escapedJava>
</record>
<record>
  <date>2024-11-25T05:48:26.808166600Z</date>
  <millis>1732513706808</millis>
  <nanos>166600</nanos>
  <sequence>39</sequence>
  <level>START</level>
  <class>com.kms.katalon.core.logging.XmlKeywordLogger</class>
  <method>startKeyword</method>
  <thread>1</thread>
  <message>Start action : user = &amp;lt;not implemented yet for class: org.codehaus.groovy.ast.expr.EmptyExpression&amp;gt;</message>
  <nestedLevel>1</nestedLevel>
  <escapedJava>false</escapedJava>
  <property name="startLine">49</property>
  <property name="stepIndex">15</property>
</record>
<record>
  <date>2024-11-25T05:48:26.816144900Z</date>
  <millis>1732513706816</millis>
  <nanos>144900</nanos>
  <sequence>40</sequence>
  <level>END</level>
  <class>com.kms.katalon.core.logging.XmlKeywordLogger</class>
  <method>endKeyword</method>
  <thread>1</thread>
  <message>End action : user = &amp;lt;not implemented yet for class: org.codehaus.groovy.ast.expr.EmptyExpression&amp;gt;</message>
  <nestedLevel>1</nestedLevel>
  <escapedJava>false</escapedJava>
</record>
<record>
  <date>2024-11-25T05:48:26.817142800Z</date>
  <millis>1732513706817</millis>
  <nanos>142800</nanos>
  <sequence>41</sequence>
  <level>START</level>
  <class>com.kms.katalon.core.logging.XmlKeywordLogger</class>
  <method>startKeyword</method>
  <thread>1</thread>
  <message>Start action : for ([run = 1, run &amp;lt; 4, (run++)])</message>
  <nestedLevel>1</nestedLevel>
  <escapedJava>false</escapedJava>
  <property name="startLine">51</property>
  <property name="stepIndex">16</property>
</record>
<record>
  <date>2024-11-25T05:48:26.820131800Z</date>
  <millis>1732513706820</millis>
  <nanos>131800</nanos>
  <sequence>42</sequence>
  <level>START</level>
  <class>com.kms.katalon.core.logging.XmlKeywordLogger</class>
  <method>startKeyword</method>
  <thread>1</thread>
  <message>Start action : VipolnenieBiznesPlana(user, dashboardName, n, data, run, a1, a2, a3, a4, a5, a6, a7, a8, a9, urlData)</message>
  <nestedLevel>2</nestedLevel>
  <escapedJava>false</escapedJava>
  <property name="startLine">52</property>
  <property name="stepIndex">1</property>
</record>
<record>
  <date>2024-11-25T05:48:26.853044100Z</date>
  <millis>1732513706853</millis>
  <nanos>44100</nanos>
  <sequence>43</sequence>
  <level>END</level>
  <class>com.kms.katalon.core.logging.XmlKeywordLogger</class>
  <method>endKeyword</method>
  <thread>1</thread>
  <message>End action : VipolnenieBiznesPlana(user, dashboardName, n, data, run, a1, a2, a3, a4, a5, a6, a7, a8, a9, urlData)</message>
  <nestedLevel>2</nestedLevel>
  <escapedJava>false</escapedJava>
</record>
<record>
  <date>2024-11-25T05:48:26.854041700Z</date>
  <millis>1732513706854</millis>
  <nanos>41700</nanos>
  <sequence>44</sequence>
  <level>END</level>
  <class>com.kms.katalon.core.logging.XmlKeywordLogger</class>
  <method>endKeyword</method>
  <thread>1</thread>
  <message>End action : for ([run = 1, run &amp;lt; 4, (run++)])</message>
  <nestedLevel>1</nestedLevel>
  <escapedJava>false</escapedJava>
</record>
<record>
  <date>2024-11-25T05:48:26.854041700Z</date>
  <millis>1732513706854</millis>
  <nanos>41700</nanos>
  <sequence>45</sequence>
  <level>START</level>
  <class>com.kms.katalon.core.logging.XmlKeywordLogger</class>
  <method>startKeyword</method>
  <thread>1</thread>
  <message>Start action : n = data.getRowNumbers() + 1</message>
  <nestedLevel>1</nestedLevel>
  <escapedJava>false</escapedJava>
  <property name="startLine">204</property>
  <property name="stepIndex">1</property>
</record>
<record>
  <date>2024-11-25T05:48:26.906900Z</date>
  <millis>1732513706906</millis>
  <nanos>900000</nanos>
  <sequence>46</sequence>
  <level>END</level>
  <class>com.kms.katalon.core.logging.XmlKeywordLogger</class>
  <method>endKeyword</method>
  <thread>1</thread>
  <message>End action : n = data.getRowNumbers() + 1</message>
  <nestedLevel>1</nestedLevel>
  <escapedJava>false</escapedJava>
</record>
<record>
  <date>2024-11-25T05:48:26.906900Z</date>
  <millis>1732513706906</millis>
  <nanos>900000</nanos>
  <sequence>47</sequence>
  <level>START</level>
  <class>com.kms.katalon.core.logging.XmlKeywordLogger</class>
  <method>startKeyword</method>
  <thread>1</thread>
  <message>Start action : println(n)</message>
  <nestedLevel>1</nestedLevel>
  <escapedJava>false</escapedJava>
  <property name="startLine">206</property>
  <property name="stepIndex">2</property>
</record>
<record>
  <date>2024-11-25T05:48:26.917871400Z</date>
  <millis>1732513706917</millis>
  <nanos>871400</nanos>
  <sequence>48</sequence>
  <level>END</level>
  <class>com.kms.katalon.core.logging.XmlKeywordLogger</class>
  <method>endKeyword</method>
  <thread>1</thread>
  <message>End action : println(n)</message>
  <nestedLevel>1</nestedLevel>
  <escapedJava>false</escapedJava>
</record>
<record>
  <date>2024-11-25T05:48:26.918867800Z</date>
  <millis>1732513706918</millis>
  <nanos>867800</nanos>
  <sequence>49</sequence>
  <level>START</level>
  <class>com.kms.katalon.core.logging.XmlKeywordLogger</class>
  <method>startKeyword</method>
  <thread>1</thread>
  <message>Start action : dashboardName = &amp;quot;Выполнение бизнес-плана&amp;quot;</message>
  <nestedLevel>1</nestedLevel>
  <escapedJava>false</escapedJava>
  <property name="startLine">208</property>
  <property name="stepIndex">3</property>
</record>
<record>
  <date>2024-11-25T05:48:26.921860100Z</date>
  <millis>1732513706921</millis>
  <nanos>860100</nanos>
  <sequence>50</sequence>
  <level>END</level>
  <class>com.kms.katalon.core.logging.XmlKeywordLogger</class>
  <method>endKeyword</method>
  <thread>1</thread>
  <message>End action : dashboardName = &amp;quot;Выполнение бизнес-плана&amp;quot;</message>
  <nestedLevel>1</nestedLevel>
  <escapedJava>false</escapedJava>
</record>
<record>
  <date>2024-11-25T05:48:26.922859600Z</date>
  <millis>1732513706922</millis>
  <nanos>859600</nanos>
  <sequence>51</sequence>
  <level>START</level>
  <class>com.kms.katalon.core.logging.XmlKeywordLogger</class>
  <method>startKeyword</method>
  <thread>1</thread>
  <message>Start action : openBrowser(&amp;quot;&amp;quot;)</message>
  <nestedLevel>1</nestedLevel>
  <escapedJava>false</escapedJava>
  <property name="startLine">210</property>
  <property name="stepIndex">4</property>
</record>
<record>
  <date>2024-11-25T05:48:27.401576300Z</date>
  <millis>1732513707401</millis>
  <nanos>576300</nanos>
  <sequence>53</sequence>
  <level>INFO</level>
  <class>com.kms.katalon.core.logging.XmlKeywordLogger</class>
  <method>logMessage</method>
  <thread>1</thread>
  <message>Starting &amp;apos;Chrome&amp;apos; driver</message>
  <nestedLevel>1</nestedLevel>
  <escapedJava>false</escapedJava>
</record>
<record>
  <date>2024-11-25T05:48:27.469396Z</date>
  <millis>1732513707469</millis>
  <nanos>396000</nanos>
  <sequence>55</sequence>
  <level>INFO</level>
  <class>com.kms.katalon.core.logging.XmlKeywordLogger</class>
  <method>logMessage</method>
  <thread>1</thread>
  <message>Action delay is set to 0 milliseconds</message>
  <nestedLevel>1</nestedLevel>
  <escapedJava>false</escapedJava>
</record>
<record>
  <date>2024-11-25T05:48:30.064961Z</date>
  <millis>1732513710064</millis>
  <nanos>961000</nanos>
  <sequence>57</sequence>
  <level>RUN_DATA</level>
  <class>com.kms.katalon.core.logging.XmlKeywordLogger</class>
  <method>logMessage</method>
  <thread>1</thread>
  <message>sessionId = 00f09bd5e5e30af285d271af4d83b93b</message>
  <nestedLevel>1</nestedLevel>
  <escapedJava>false</escapedJava>
  <property name="sessionId">00f09bd5e5e30af285d271af4d83b93b</property>
</record>
<record>
  <date>2024-11-25T05:48:30.111836800Z</date>
  <millis>1732513710111</millis>
  <nanos>836800</nanos>
  <sequence>58</sequence>
  <level>RUN_DATA</level>
  <class>com.kms.katalon.core.logging.XmlKeywordLogger</class>
  <method>logMessage</method>
  <thread>1</thread>
  <message>browser = Chrome 131.0.0.0</message>
  <nestedLevel>1</nestedLevel>
  <escapedJava>false</escapedJava>
  <property name="browser">Chrome 131.0.0.0</property>
</record>
<record>
  <date>2024-11-25T05:48:30.113829Z</date>
  <millis>1732513710113</millis>
  <nanos>829000</nanos>
  <sequence>59</sequence>
  <level>RUN_DATA</level>
  <class>com.kms.katalon.core.logging.XmlKeywordLogger</class>
  <method>logMessage</method>
  <thread>1</thread>
  <message>platform = Windows 10</message>
  <nestedLevel>1</nestedLevel>
  <escapedJava>false</escapedJava>
  <property name="platform">Windows 10</property>
</record>
<record>
  <date>2024-11-25T05:48:30.114826400Z</date>
  <millis>1732513710114</millis>
  <nanos>826400</nanos>
  <sequence>60</sequence>
  <level>RUN_DATA</level>
  <class>com.kms.katalon.core.logging.XmlKeywordLogger</class>
  <method>logMessage</method>
  <thread>1</thread>
  <message>seleniumVersion = 3.141.59</message>
  <nestedLevel>1</nestedLevel>
  <escapedJava>false</escapedJava>
  <property name="seleniumVersion">3.141.59</property>
</record>
<record>
  <date>2024-11-25T05:48:30.116820800Z</date>
  <millis>1732513710116</millis>
  <nanos>820800</nanos>
  <sequence>61</sequence>
  <level>RUN_DATA</level>
  <class>com.kms.katalon.core.logging.XmlKeywordLogger</class>
  <method>logMessage</method>
  <thread>1</thread>
  <message>proxyInformation = ProxyInformation { proxyOption=NO_PROXY, proxyServerType=HTTP, username=, password=********, proxyServerAddress=, proxyServerPort=0, executionList=&amp;quot;&amp;quot;, isApplyToDesiredCapabilities=true }</message>
  <nestedLevel>1</nestedLevel>
  <escapedJava>false</escapedJava>
  <property name="proxyInformation">ProxyInformation { proxyOption=NO_PROXY, proxyServerType=HTTP, username=, password=********, proxyServerAddress=, proxyServerPort=0, executionList=&quot;&quot;, isApplyToDesiredCapabilities=true }</property>
</record>
<record>
  <date>2024-11-25T05:48:30.153723500Z</date>
  <millis>1732513710153</millis>
  <nanos>723500</nanos>
  <sequence>62</sequence>
  <level>PASSED</level>
  <class>com.kms.katalon.core.logging.XmlKeywordLogger</class>
  <method>logMessage</method>
  <thread>1</thread>
  <message>Browser is opened with url: &amp;apos;&amp;apos;</message>
  <nestedLevel>1</nestedLevel>
  <escapedJava>false</escapedJava>
  <property name="testops-method-name">com.kms.katalon.core.webui.keyword.builtin.OpenBrowserKeyword.openBrowser</property>
  <property name="testops-execution-stacktrace"></property>
</record>
<record>
  <date>2024-11-25T05:48:30.157710800Z</date>
  <millis>1732513710157</millis>
  <nanos>710800</nanos>
  <sequence>63</sequence>
  <level>END</level>
  <class>com.kms.katalon.core.logging.XmlKeywordLogger</class>
  <method>endKeyword</method>
  <thread>1</thread>
  <message>End action : openBrowser(&amp;quot;&amp;quot;)</message>
  <nestedLevel>1</nestedLevel>
  <escapedJava>false</escapedJava>
</record>
<record>
  <date>2024-11-25T05:48:30.157710800Z</date>
  <millis>1732513710157</millis>
  <nanos>710800</nanos>
  <sequence>64</sequence>
  <level>START</level>
  <class>com.kms.katalon.core.logging.XmlKeywordLogger</class>
  <method>startKeyword</method>
  <thread>1</thread>
  <message>Start action : urlData = 1</message>
  <nestedLevel>1</nestedLevel>
  <escapedJava>false</escapedJava>
  <property name="startLine">212</property>
  <property name="stepIndex">5</property>
</record>
<record>
  <date>2024-11-25T05:48:30.160704800Z</date>
  <millis>1732513710160</millis>
  <nanos>704800</nanos>
  <sequence>65</sequence>
  <level>END</level>
  <class>com.kms.katalon.core.logging.XmlKeywordLogger</class>
  <method>endKeyword</method>
  <thread>1</thread>
  <message>End action : urlData = 1</message>
  <nestedLevel>1</nestedLevel>
  <escapedJava>false</escapedJava>
</record>
<record>
  <date>2024-11-25T05:48:30.160704800Z</date>
  <millis>1732513710160</millis>
  <nanos>704800</nanos>
  <sequence>66</sequence>
  <level>START</level>
  <class>com.kms.katalon.core.logging.XmlKeywordLogger</class>
  <method>startKeyword</method>
  <thread>1</thread>
  <message>Start action : Script1686231490255.CheckPageDownload(urlData, run)</message>
  <nestedLevel>1</nestedLevel>
  <escapedJava>false</escapedJava>
  <property name="startLine">214</property>
  <property name="stepIndex">6</property>
</record>
<record>
  <date>2024-11-25T05:48:30.165690600Z</date>
  <millis>1732513710165</millis>
  <nanos>690600</nanos>
  <sequence>67</sequence>
  <level>END</level>
  <class>com.kms.katalon.core.logging.XmlKeywordLogger</class>
  <method>endKeyword</method>
  <thread>1</thread>
  <message>End action : Script1686231490255.CheckPageDownload(urlData, run)</message>
  <nestedLevel>1</nestedLevel>
  <escapedJava>false</escapedJava>
</record>
<record>
  <date>2024-11-25T05:48:30.166688Z</date>
  <millis>1732513710166</millis>
  <nanos>688000</nanos>
  <sequence>68</sequence>
  <level>START</level>
  <class>com.kms.katalon.core.logging.XmlKeywordLogger</class>
  <method>startKeyword</method>
  <thread>1</thread>
  <message>Start action : i = 1</message>
  <nestedLevel>1</nestedLevel>
  <escapedJava>false</escapedJava>
  <property name="startLine">116</property>
  <property name="stepIndex">1</property>
</record>
<record>
  <date>2024-11-25T05:48:30.170677700Z</date>
  <millis>1732513710170</millis>
  <nanos>677700</nanos>
  <sequence>69</sequence>
  <level>END</level>
  <class>com.kms.katalon.core.logging.XmlKeywordLogger</class>
  <method>endKeyword</method>
  <thread>1</thread>
  <message>End action : i = 1</message>
  <nestedLevel>1</nestedLevel>
  <escapedJava>false</escapedJava>
</record>
<record>
  <date>2024-11-25T05:48:30.170677700Z</date>
  <millis>1732513710170</millis>
  <nanos>677700</nanos>
  <sequence>70</sequence>
  <level>START</level>
  <class>com.kms.katalon.core.logging.XmlKeywordLogger</class>
  <method>startKeyword</method>
  <thread>1</thread>
  <message>Start action : ii = 0</message>
  <nestedLevel>1</nestedLevel>
  <escapedJava>false</escapedJava>
  <property name="startLine">118</property>
  <property name="stepIndex">2</property>
</record>
<record>
  <date>2024-11-25T05:48:30.173669500Z</date>
  <millis>1732513710173</millis>
  <nanos>669500</nanos>
  <sequence>71</sequence>
  <level>END</level>
  <class>com.kms.katalon.core.logging.XmlKeywordLogger</class>
  <method>endKeyword</method>
  <thread>1</thread>
  <message>End action : ii = 0</message>
  <nestedLevel>1</nestedLevel>
  <escapedJava>false</escapedJava>
</record>
<record>
  <date>2024-11-25T05:48:30.173669500Z</date>
  <millis>1732513710173</millis>
  <nanos>669500</nanos>
  <sequence>72</sequence>
  <level>START</level>
  <class>com.kms.katalon.core.logging.XmlKeywordLogger</class>
  <method>startKeyword</method>
  <thread>1</thread>
  <message>Start action : urlText = &amp;lt;not implemented yet for class: org.codehaus.groovy.ast.expr.EmptyExpression&amp;gt;</message>
  <nestedLevel>1</nestedLevel>
  <escapedJava>false</escapedJava>
  <property name="startLine">120</property>
  <property name="stepIndex">3</property>
</record>
<record>
  <date>2024-11-25T05:48:30.176664Z</date>
  <millis>1732513710176</millis>
  <nanos>664000</nanos>
  <sequence>73</sequence>
  <level>END</level>
  <class>com.kms.katalon.core.logging.XmlKeywordLogger</class>
  <method>endKeyword</method>
  <thread>1</thread>
  <message>End action : urlText = &amp;lt;not implemented yet for class: org.codehaus.groovy.ast.expr.EmptyExpression&amp;gt;</message>
  <nestedLevel>1</nestedLevel>
  <escapedJava>false</escapedJava>
</record>
<record>
  <date>2024-11-25T05:48:30.177660300Z</date>
  <millis>1732513710177</millis>
  <nanos>660300</nanos>
  <sequence>74</sequence>
  <level>START</level>
  <class>com.kms.katalon.core.logging.XmlKeywordLogger</class>
  <method>startKeyword</method>
  <thread>1</thread>
  <message>Start action : searchWord = &amp;lt;not implemented yet for class: org.codehaus.groovy.ast.expr.EmptyExpression&amp;gt;</message>
  <nestedLevel>1</nestedLevel>
  <escapedJava>false</escapedJava>
  <property name="startLine">122</property>
  <property name="stepIndex">4</property>
</record>
<record>
  <date>2024-11-25T05:48:30.179654Z</date>
  <millis>1732513710179</millis>
  <nanos>654000</nanos>
  <sequence>75</sequence>
  <level>END</level>
  <class>com.kms.katalon.core.logging.XmlKeywordLogger</class>
  <method>endKeyword</method>
  <thread>1</thread>
  <message>End action : searchWord = &amp;lt;not implemented yet for class: org.codehaus.groovy.ast.expr.EmptyExpression&amp;gt;</message>
  <nestedLevel>1</nestedLevel>
  <escapedJava>false</escapedJava>
</record>
<record>
  <date>2024-11-25T05:48:30.180654500Z</date>
  <millis>1732513710180</millis>
  <nanos>654500</nanos>
  <sequence>76</sequence>
  <level>START</level>
  <class>com.kms.katalon.core.logging.XmlKeywordLogger</class>
  <method>startKeyword</method>
  <thread>1</thread>
  <message>Start action : deleteAllCookies()</message>
  <nestedLevel>1</nestedLevel>
  <escapedJava>false</escapedJava>
  <property name="startLine">124</property>
  <property name="stepIndex">5</property>
</record>
<record>
  <date>2024-11-25T05:48:30.251462Z</date>
  <millis>1732513710251</millis>
  <nanos>462000</nanos>
  <sequence>77</sequence>
  <level>PASSED</level>
  <class>com.kms.katalon.core.logging.XmlKeywordLogger</class>
  <method>logMessage</method>
  <thread>1</thread>
  <message>Delete all cookies successfully</message>
  <nestedLevel>1</nestedLevel>
  <escapedJava>false</escapedJava>
  <property name="testops-method-name">com.kms.katalon.core.webui.keyword.builtin.DeleteAllCookiesKeyword.deleteAllCookies</property>
  <property name="testops-execution-stacktrace"></property>
</record>
<record>
  <date>2024-11-25T05:48:30.252458Z</date>
  <millis>1732513710252</millis>
  <nanos>458000</nanos>
  <sequence>78</sequence>
  <level>END</level>
  <class>com.kms.katalon.core.logging.XmlKeywordLogger</class>
  <method>endKeyword</method>
  <thread>1</thread>
  <message>End action : deleteAllCookies()</message>
  <nestedLevel>1</nestedLevel>
  <escapedJava>false</escapedJava>
</record>
<record>
  <date>2024-11-25T05:48:30.253456400Z</date>
  <millis>1732513710253</millis>
  <nanos>456400</nanos>
  <sequence>79</sequence>
  <level>START</level>
  <class>com.kms.katalon.core.logging.XmlKeywordLogger</class>
  <method>startKeyword</method>
  <thread>1</thread>
  <message>Start action : refresh()</message>
  <nestedLevel>1</nestedLevel>
  <escapedJava>false</escapedJava>
  <property name="startLine">126</property>
  <property name="stepIndex">6</property>
</record>
<record>
  <date>2024-11-25T05:48:30.366155200Z</date>
  <millis>1732513710366</millis>
  <nanos>155200</nanos>
  <sequence>81</sequence>
  <level>PASSED</level>
  <class>com.kms.katalon.core.logging.XmlKeywordLogger</class>
  <method>logMessage</method>
  <thread>1</thread>
  <message>Refresh successfully</message>
  <nestedLevel>1</nestedLevel>
  <escapedJava>false</escapedJava>
  <property name="testops-method-name">com.kms.katalon.core.webui.keyword.builtin.RefreshKeyword.refresh</property>
  <property name="testops-execution-stacktrace"></property>
</record>
<record>
  <date>2024-11-25T05:48:30.372139200Z</date>
  <millis>1732513710372</millis>
  <nanos>139200</nanos>
  <sequence>82</sequence>
  <level>END</level>
  <class>com.kms.katalon.core.logging.XmlKeywordLogger</class>
  <method>endKeyword</method>
  <thread>1</thread>
  <message>End action : refresh()</message>
  <nestedLevel>1</nestedLevel>
  <escapedJava>false</escapedJava>
</record>
<record>
  <date>2024-11-25T05:48:30.372139200Z</date>
  <millis>1732513710372</millis>
  <nanos>139200</nanos>
  <sequence>83</sequence>
  <level>START</level>
  <class>com.kms.katalon.core.logging.XmlKeywordLogger</class>
  <method>startKeyword</method>
  <thread>1</thread>
  <message>Start action : delay(65)</message>
  <nestedLevel>1</nestedLevel>
  <escapedJava>false</escapedJava>
  <property name="startLine">128</property>
  <property name="stepIndex">7</property>
</record>
